(THU.CST) os is loading ...

Special kernel symbols:
  entry  0x00100000 (phys)
  etext  0x001035c3 (phys)
  edata  0x0010ea18 (phys)
  end    0x0010fd20 (phys)
Kernel executable memory footprint: 64KB
ebp:0x00007b28 eip:0x0010098e args:0x00010094 0x00010094 0x00007b58 0x00100094 
    kern/debug/kdebug.c:306: print_stackframe+22
ebp:0x00007b38 eip:0x00100c81 args:0x00000000 0x00000000 0x00000000 0x00007ba8 
    kern/debug/kmonitor.c:125: mon_backtrace+10
ebp:0x00007b58 eip:0x00100094 args:0x00000000 0x00007b80 0xffff0000 0x00007b84 
    kern/init/init.c:48: grade_backtrace2+33
ebp:0x00007b78 eip:0x001000bd args:0x00000000 0xffff0000 0x00007ba4 0x00000029 
    kern/init/init.c:53: grade_backtrace1+38
ebp:0x00007b98 eip:0x001000db args:0x00000000 0x00100000 0xffff0000 0x0000001d 
    kern/init/init.c:58: grade_backtrace0+23
ebp:0x00007bb8 eip:0x00100100 args:0x001035fc 0x001035e0 0x00001308 0x00000000 
    kern/init/init.c:63: grade_backtrace+34
ebp:0x00007be8 eip:0x00100057 args:0x00000000 0x00000000 0x00000000 0x00007c4f 
    kern/init/init.c:28: kern_init+86
ebp:0x00007bf8 eip:0x00007d6f args:0xc031fcfa 0xc08ed88e 0x64e4d08e 0xfa7502a8 
    <unknow>: -- 0x00007d6e --
++ setup timer interrupts
100 ticks
End of Test.
kernel panic at kern/trap/trap.c:18:
    EOT: kernel seems ok.
Welcome to the kernel debug monitor!!
Type 'help' for a list of commands.
